Analysis & Synthesis report for lab5
Wed Jun 08 20:27:41 2022
Quartus II Version 9.0 Build 132 02/25/2009 SJ Full Version


---------------------
; Table of Contents ;
---------------------
  1. Legal Notice
  2. Analysis & Synthesis Summary
  3. Analysis & Synthesis Settings
  4. Analysis & Synthesis Source Files Read
  5. Analysis & Synthesis Resource Usage Summary
  6. Analysis & Synthesis Resource Utilization by Entity
  7. Analysis & Synthesis RAM Summary
  8. User-Specified and Inferred Latches
  9. General Register Statistics
 10. Source assignments for lpm_ram_dq0:SRAM|altsyncram:altsyncram_component|altsyncram_9df1:auto_generated
 11. Parameter Settings for User Entity Instance: lpm_latch0:AR|lpm_latch:lpm_latch_component
 12. Parameter Settings for User Entity Instance: lpm_mux0:inst|LPM_MUX:lpm_mux_component
 13. Parameter Settings for User Entity Instance: lpm_ram_dq0:SRAM|altsyncram:altsyncram_component
 14. Parameter Settings for User Entity Instance: lpm_latch0:R0|lpm_latch:lpm_latch_component
 15. Parameter Settings for User Entity Instance: lpm_latch0:LED_DISP|lpm_latch:lpm_latch_component
 16. altsyncram Parameter Settings by Entity Instance
 17. Analysis & Synthesis Messages



----------------
; Legal Notice ;
----------------
Copyright (C) 1991-2009 Altera Corporation
Your use of Altera Corporation's design tools, logic functions 
and other software and tools, and its AMPP partner logic 
functions, and any output files from any of the foregoing 
(including device programming or simulation files), and any 
associated documentation or information are expressly subject 
to the terms and conditions of the Altera Program License 
Subscription Agreement, Altera MegaCore Function License 
Agreement, or other applicable license agreement, including, 
without limitation, that your use is for the sole purpose of 
programming logic devices manufactured by Altera and sold by 
Altera or its authorized distributors.  Please refer to the 
applicable agreement for further details.



+-------------------------------------------------------------------------------+
; Analysis & Synthesis Summary                                                  ;
+------------------------------------+------------------------------------------+
; Analysis & Synthesis Status        ; Successful - Wed Jun 08 20:27:41 2022    ;
; Quartus II Version                 ; 9.0 Build 132 02/25/2009 SJ Full Version ;
; Revision Name                      ; lab5                                     ;
; Top-level Entity Name              ; lab5                                     ;
; Family                             ; Cyclone III                              ;
; Total logic elements               ; 40                                       ;
;     Total combinational functions  ; 40                                       ;
;     Dedicated logic registers      ; 0                                        ;
; Total registers                    ; 0                                        ;
; Total pins                         ; 55                                       ;
; Total virtual pins                 ; 0                                        ;
; Total memory bits                  ; 2,048                                    ;
; Embedded Multiplier 9-bit elements ; 0                                        ;
; Total PLLs                         ; 0                                        ;
+------------------------------------+------------------------------------------+


+----------------------------------------------------------------------------------------------------------+
; Analysis & Synthesis Settings                                                                            ;
+----------------------------------------------------------------+--------------------+--------------------+
; Option                                                         ; Setting            ; Default Value      ;
+----------------------------------------------------------------+--------------------+--------------------+
; Device                                                         ; EP3C40Q240C8       ;                    ;
; Top-level entity name                                          ; lab5               ; lab5               ;
; Family name                                                    ; Cyclone III        ; Stratix II         ;
; Use Generated Physical Constraints File                        ; Off                ;                    ;
; Use smart compilation                                          ; Off                ; Off                ;
; Restructure Multiplexers                                       ; Auto               ; Auto               ;
; Create Debugging Nodes for IP Cores                            ; Off                ; Off                ;
; Preserve fewer node names                                      ; On                 ; On                 ;
; Disable OpenCore Plus hardware evaluation                      ; Off                ; Off                ;
; Verilog Version                                                ; Verilog_2001       ; Verilog_2001       ;
; VHDL Version                                                   ; VHDL93             ; VHDL93             ;
; State Machine Processing                                       ; Auto               ; Auto               ;
; Safe State Machine                                             ; Off                ; Off                ;
; Extract Verilog State Machines                                 ; On                 ; On                 ;
; Extract VHDL State Machines                                    ; On                 ; On                 ;
; Ignore Verilog initial constructs                              ; Off                ; Off                ;
; Iteration limit for constant Verilog loops                     ; 5000               ; 5000               ;
; Iteration limit for non-constant Verilog loops                 ; 250                ; 250                ;
; Add Pass-Through Logic to Inferred RAMs                        ; On                 ; On                 ;
; Parallel Synthesis                                             ; Off                ; Off                ;
; DSP Block Balancing                                            ; Auto               ; Auto               ;
; NOT Gate Push-Back                                             ; On                 ; On                 ;
; Power-Up Don't Care                                            ; On                 ; On                 ;
; Remove Redundant Logic Cells                                   ; Off                ; Off                ;
; Remove Duplicate Registers                                     ; On                 ; On                 ;
; Ignore CARRY Buffers                                           ; Off                ; Off                ;
; Ignore CASCADE Buffers                                         ; Off                ; Off                ;
; Ignore GLOBAL Buffers                                          ; Off                ; Off                ;
; Ignore ROW GLOBAL Buffers                                      ; Off                ; Off                ;
; Ignore LCELL Buffers                                           ; Off                ; Off                ;
; Ignore SOFT Buffers                                            ; On                 ; On                 ;
; Limit AHDL Integers to 32 Bits                                 ; Off                ; Off                ;
; Optimization Technique                                         ; Balanced           ; Balanced           ;
; Carry Chain Length                                             ; 70                 ; 70                 ;
; Auto Carry Chains                                              ; On                 ; On                 ;
; Auto Open-Drain Pins                                           ; On                 ; On                 ;
; Perform WYSIWYG Primitive Resynthesis                          ; Off                ; Off                ;
; Auto ROM Replacement                                           ; On                 ; On                 ;
; Auto RAM Replacement                                           ; On                 ; On                 ;
; Auto DSP Block Replacement                                     ; On                 ; On                 ;
; Auto Shift Register Replacement                                ; Auto               ; Auto               ;
; Auto Clock Enable Replacement                                  ; On                 ; On                 ;
; Strict RAM Replacement                                         ; Off                ; Off                ;
; Allow Synchronous Control Signals                              ; On                 ; On                 ;
; Force Use of Synchronous Clear Signals                         ; Off                ; Off                ;
; Auto RAM Block Balancing                                       ; On                 ; On                 ;
; Auto RAM to Logic Cell Conversion                              ; Off                ; Off                ;
; Auto Resource Sharing                                          ; Off                ; Off                ;
; Allow Any RAM Size For Recognition                             ; Off                ; Off                ;
; Allow Any ROM Size For Recognition                             ; Off                ; Off                ;
; Allow Any Shift Register Size For Recognition                  ; Off                ; Off                ;
; Use LogicLock Constraints during Resource Balancing            ; On                 ; On                 ;
; Ignore translate_off and synthesis_off directives              ; Off                ; Off                ;
; Timing-Driven Synthesis                                        ; Off                ; Off                ;
; Show Parameter Settings Tables in Synthesis Report             ; On                 ; On                 ;
; Ignore Maximum Fan-Out Assignments                             ; Off                ; Off                ;
; Synchronization Register Chain Length                          ; 2                  ; 2                  ;
; PowerPlay Power Optimization                                   ; Normal compilation ; Normal compilation ;
; HDL message level                                              ; Level2             ; Level2             ;
; Suppress Register Optimization Related Messages                ; Off                ; Off                ;
; Number of Removed Registers Reported in Synthesis Report       ; 100                ; 100                ;
; Number of Inverted Registers Reported in Synthesis Report      ; 100                ; 100                ;
; Clock MUX Protection                                           ; On                 ; On                 ;
; Auto Gated Clock Conversion                                    ; Off                ; Off                ;
; Block Design Naming                                            ; Auto               ; Auto               ;
; SDC constraint protection                                      ; Off                ; Off                ;
; Synthesis Effort                                               ; Auto               ; Auto               ;
; Allows Asynchronous Clear Usage For Shift Register Replacement ; On                 ; On                 ;
; Analysis & Synthesis Message Level                             ; Medium             ; Medium             ;
+----------------------------------------------------------------+--------------------+--------------------+


+--------------------------------------------------------------------------------------------------------------------------------------------------------------+
; Analysis & Synthesis Source Files Read                                                                                                                       ;
+----------------------------------+-----------------+------------------------------------+--------------------------------------------------------------------+
; File Name with User-Entered Path ; Used in Netlist ; File Type                          ; File Name with Absolute Path                                       ;
+----------------------------------+-----------------+------------------------------------+--------------------------------------------------------------------+
; lpm_latch0.vhd                   ; yes             ; User Wizard-Generated File         ; D:/code/Quartus/b/lab5/lpm_latch0.vhd                              ;
; lpm_ram_dq0.vhd                  ; yes             ; User Wizard-Generated File         ; D:/code/Quartus/b/lab5/lpm_ram_dq0.vhd                             ;
; lpm_mux0.vhd                     ; yes             ; User Wizard-Generated File         ; D:/code/Quartus/b/lab5/lpm_mux0.vhd                                ;
; lab5.bdf                         ; yes             ; User Block Diagram/Schematic File  ; D:/code/Quartus/b/lab5/lab5.bdf                                    ;
; lpm_latch.tdf                    ; yes             ; Megafunction                       ; c:/altera/90/quartus/libraries/megafunctions/lpm_latch.tdf         ;
; lpm_constant.inc                 ; yes             ; Megafunction                       ; c:/altera/90/quartus/libraries/megafunctions/lpm_constant.inc      ;
; LPM_MUX.tdf                      ; yes             ; Megafunction                       ; c:/altera/90/quartus/libraries/megafunctions/LPM_MUX.tdf           ;
; aglobal90.inc                    ; yes             ; Megafunction                       ; c:/altera/90/quartus/libraries/megafunctions/aglobal90.inc         ;
; muxlut.inc                       ; yes             ; Megafunction                       ; c:/altera/90/quartus/libraries/megafunctions/muxlut.inc            ;
; bypassff.inc                     ; yes             ; Megafunction                       ; c:/altera/90/quartus/libraries/megafunctions/bypassff.inc          ;
; altshift.inc                     ; yes             ; Megafunction                       ; c:/altera/90/quartus/libraries/megafunctions/altshift.inc          ;
; db/mux_j6e.tdf                   ; yes             ; Auto-Generated Megafunction        ; D:/code/Quartus/b/lab5/db/mux_j6e.tdf                              ;
; altsyncram.tdf                   ; yes             ; Megafunction                       ; c:/altera/90/quartus/libraries/megafunctions/altsyncram.tdf        ;
; stratix_ram_block.inc            ; yes             ; Megafunction                       ; c:/altera/90/quartus/libraries/megafunctions/stratix_ram_block.inc ;
; lpm_mux.inc                      ; yes             ; Megafunction                       ; c:/altera/90/quartus/libraries/megafunctions/lpm_mux.inc           ;
; lpm_decode.inc                   ; yes             ; Megafunction                       ; c:/altera/90/quartus/libraries/megafunctions/lpm_decode.inc        ;
; a_rdenreg.inc                    ; yes             ; Megafunction                       ; c:/altera/90/quartus/libraries/megafunctions/a_rdenreg.inc         ;
; altrom.inc                       ; yes             ; Megafunction                       ; c:/altera/90/quartus/libraries/megafunctions/altrom.inc            ;
; altram.inc                       ; yes             ; Megafunction                       ; c:/altera/90/quartus/libraries/megafunctions/altram.inc            ;
; altdpram.inc                     ; yes             ; Megafunction                       ; c:/altera/90/quartus/libraries/megafunctions/altdpram.inc          ;
; altqpram.inc                     ; yes             ; Megafunction                       ; c:/altera/90/quartus/libraries/megafunctions/altqpram.inc          ;
; db/altsyncram_9df1.tdf           ; yes             ; Auto-Generated Megafunction        ; D:/code/Quartus/b/lab5/db/altsyncram_9df1.tdf                      ;
+----------------------------------+-----------------+------------------------------------+--------------------------------------------------------------------+


+----------------------------------------------------------+
; Analysis & Synthesis Resource Usage Summary              ;
+---------------------------------------------+------------+
; Resource                                    ; Usage      ;
+---------------------------------------------+------------+
; Estimated Total logic elements              ; 40         ;
;                                             ;            ;
; Total combinational functions               ; 40         ;
; Logic element usage by number of LUT inputs ;            ;
;     -- 4 input functions                    ; 16         ;
;     -- 3 input functions                    ; 24         ;
;     -- <=2 input functions                  ; 0          ;
;                                             ;            ;
; Logic elements by mode                      ;            ;
;     -- normal mode                          ; 40         ;
;     -- arithmetic mode                      ; 0          ;
;                                             ;            ;
; Total registers                             ; 0          ;
;     -- Dedicated logic registers            ; 0          ;
;     -- I/O registers                        ; 0          ;
;                                             ;            ;
; I/O pins                                    ; 55         ;
; Total memory bits                           ; 2048       ;
; Maximum fan-out node                        ; s[0]~input ;
; Maximum fan-out                             ; 12         ;
; Total fan-out                               ; 319        ;
; Average fan-out                             ; 2.02       ;
+---------------------------------------------+------------+


+--------------------------------------------------------------------------------------------------------------------------------------------------------------------------------------------------------------------------------------------------------------+
; Analysis & Synthesis Resource Utilization by Entity                                                                                                                                                                                                          ;
+-------------------------------------------+-------------------+--------------+-------------+--------------+---------+-----------+------+--------------+---------------------------------------------------------------------------------------+--------------+
; Compilation Hierarchy Node                ; LC Combinationals ; LC Registers ; Memory Bits ; DSP Elements ; DSP 9x9 ; DSP 18x18 ; Pins ; Virtual Pins ; Full Hierarchy Name                                                                   ; Library Name ;
+-------------------------------------------+-------------------+--------------+-------------+--------------+---------+-----------+------+--------------+---------------------------------------------------------------------------------------+--------------+
; |lab5                                     ; 40 (0)            ; 0 (0)        ; 2048        ; 0            ; 0       ; 0         ; 55   ; 0            ; |lab5                                                                                 ; work         ;
;    |lpm_latch0:AR|                        ; 8 (0)             ; 0 (0)        ; 0           ; 0            ; 0       ; 0         ; 0    ; 0            ; |lab5|lpm_latch0:AR                                                                   ; work         ;
;       |lpm_latch:lpm_latch_component|     ; 8 (8)             ; 0 (0)        ; 0           ; 0            ; 0       ; 0         ; 0    ; 0            ; |lab5|lpm_latch0:AR|lpm_latch:lpm_latch_component                                     ; work         ;
;    |lpm_latch0:LED_DISP|                  ; 8 (0)             ; 0 (0)        ; 0           ; 0            ; 0       ; 0         ; 0    ; 0            ; |lab5|lpm_latch0:LED_DISP                                                             ; work         ;
;       |lpm_latch:lpm_latch_component|     ; 8 (8)             ; 0 (0)        ; 0           ; 0            ; 0       ; 0         ; 0    ; 0            ; |lab5|lpm_latch0:LED_DISP|lpm_latch:lpm_latch_component                               ; work         ;
;    |lpm_latch0:R0|                        ; 8 (0)             ; 0 (0)        ; 0           ; 0            ; 0       ; 0         ; 0    ; 0            ; |lab5|lpm_latch0:R0                                                                   ; work         ;
;       |lpm_latch:lpm_latch_component|     ; 8 (8)             ; 0 (0)        ; 0           ; 0            ; 0       ; 0         ; 0    ; 0            ; |lab5|lpm_latch0:R0|lpm_latch:lpm_latch_component                                     ; work         ;
;    |lpm_mux0:inst|                        ; 16 (0)            ; 0 (0)        ; 0           ; 0            ; 0       ; 0         ; 0    ; 0            ; |lab5|lpm_mux0:inst                                                                   ; work         ;
;       |lpm_mux:lpm_mux_component|         ; 16 (0)            ; 0 (0)        ; 0           ; 0            ; 0       ; 0         ; 0    ; 0            ; |lab5|lpm_mux0:inst|lpm_mux:lpm_mux_component                                         ; work         ;
;          |mux_j6e:auto_generated|         ; 16 (16)           ; 0 (0)        ; 0           ; 0            ; 0       ; 0         ; 0    ; 0            ; |lab5|lpm_mux0:inst|lpm_mux:lpm_mux_component|mux_j6e:auto_generated                  ; work         ;
;    |lpm_ram_dq0:SRAM|                     ; 0 (0)             ; 0 (0)        ; 2048        ; 0            ; 0       ; 0         ; 0    ; 0            ; |lab5|lpm_ram_dq0:SRAM                                                                ; work         ;
;       |altsyncram:altsyncram_component|   ; 0 (0)             ; 0 (0)        ; 2048        ; 0            ; 0       ; 0         ; 0    ; 0            ; |lab5|lpm_ram_dq0:SRAM|altsyncram:altsyncram_component                                ; work         ;
;          |altsyncram_9df1:auto_generated| ; 0 (0)             ; 0 (0)        ; 2048        ; 0            ; 0       ; 0         ; 0    ; 0            ; |lab5|lpm_ram_dq0:SRAM|altsyncram:altsyncram_component|altsyncram_9df1:auto_generated ; work         ;
+-------------------------------------------+-------------------+--------------+-------------+--------------+---------+-----------+------+--------------+---------------------------------------------------------------------------------------+--------------+
Note: For table entries with two numbers listed, the numbers in parentheses indicate the number of resources of the given type used by the specific entity alone. The numbers listed outside of parentheses indicate the total resources of the given type used by the specific entity and all of its sub-entities in the hierarchy.


+-------------------------------------------------------------------------------------------------------------------------------------------------------------------------------------------+
; Analysis & Synthesis RAM Summary                                                                                                                                                          ;
+--------------------------------------------------------------------------------------------+------+-------------+--------------+--------------+--------------+--------------+------+------+
; Name                                                                                       ; Type ; Mode        ; Port A Depth ; Port A Width ; Port B Depth ; Port B Width ; Size ; MIF  ;
+--------------------------------------------------------------------------------------------+------+-------------+--------------+--------------+--------------+--------------+------+------+
; lpm_ram_dq0:SRAM|altsyncram:altsyncram_component|altsyncram_9df1:auto_generated|ALTSYNCRAM ; AUTO ; Single Port ; 256          ; 8            ; --           ; --           ; 2048 ; None ;
+--------------------------------------------------------------------------------------------+------+-------------+--------------+--------------+--------------+--------------+------+------+


+-------------------------------------------------------------------------------------------------------------+
; User-Specified and Inferred Latches                                                                         ;
+--------------------------------------------------------------+---------------------+------------------------+
; Latch Name                                                   ; Latch Enable Signal ; Free of Timing Hazards ;
+--------------------------------------------------------------+---------------------+------------------------+
; lpm_latch0:AR|lpm_latch:lpm_latch_component|latches[7]       ; ADDR                ; yes                    ;
; lpm_latch0:AR|lpm_latch:lpm_latch_component|latches[6]       ; ADDR                ; yes                    ;
; lpm_latch0:AR|lpm_latch:lpm_latch_component|latches[5]       ; ADDR                ; yes                    ;
; lpm_latch0:AR|lpm_latch:lpm_latch_component|latches[4]       ; ADDR                ; yes                    ;
; lpm_latch0:AR|lpm_latch:lpm_latch_component|latches[3]       ; ADDR                ; yes                    ;
; lpm_latch0:AR|lpm_latch:lpm_latch_component|latches[2]       ; ADDR                ; yes                    ;
; lpm_latch0:AR|lpm_latch:lpm_latch_component|latches[1]       ; ADDR                ; yes                    ;
; lpm_latch0:AR|lpm_latch:lpm_latch_component|latches[0]       ; ADDR                ; yes                    ;
; lpm_latch0:R0|lpm_latch:lpm_latch_component|latches[7]       ; REG                 ; yes                    ;
; lpm_latch0:R0|lpm_latch:lpm_latch_component|latches[6]       ; REG                 ; yes                    ;
; lpm_latch0:R0|lpm_latch:lpm_latch_component|latches[5]       ; REG                 ; yes                    ;
; lpm_latch0:R0|lpm_latch:lpm_latch_component|latches[4]       ; REG                 ; yes                    ;
; lpm_latch0:R0|lpm_latch:lpm_latch_component|latches[3]       ; REG                 ; yes                    ;
; lpm_latch0:R0|lpm_latch:lpm_latch_component|latches[2]       ; REG                 ; yes                    ;
; lpm_latch0:R0|lpm_latch:lpm_latch_component|latches[1]       ; REG                 ; yes                    ;
; lpm_latch0:R0|lpm_latch:lpm_latch_component|latches[0]       ; REG                 ; yes                    ;
; lpm_latch0:LED_DISP|lpm_latch:lpm_latch_component|latches[7] ; LED                 ; yes                    ;
; lpm_latch0:LED_DISP|lpm_latch:lpm_latch_component|latches[6] ; LED                 ; yes                    ;
; lpm_latch0:LED_DISP|lpm_latch:lpm_latch_component|latches[5] ; LED                 ; yes                    ;
; lpm_latch0:LED_DISP|lpm_latch:lpm_latch_component|latches[4] ; LED                 ; yes                    ;
; lpm_latch0:LED_DISP|lpm_latch:lpm_latch_component|latches[3] ; LED                 ; yes                    ;
; lpm_latch0:LED_DISP|lpm_latch:lpm_latch_component|latches[2] ; LED                 ; yes                    ;
; lpm_latch0:LED_DISP|lpm_latch:lpm_latch_component|latches[1] ; LED                 ; yes                    ;
; lpm_latch0:LED_DISP|lpm_latch:lpm_latch_component|latches[0] ; LED                 ; yes                    ;
; Number of user-specified and inferred latches = 24           ;                     ;                        ;
+--------------------------------------------------------------+---------------------+------------------------+
Note: All latches listed above may not be present at the end of synthesis due to various synthesis optimizations.


+------------------------------------------------------+
; General Register Statistics                          ;
+----------------------------------------------+-------+
; Statistic                                    ; Value ;
+----------------------------------------------+-------+
; Total registers                              ; 0     ;
; Number of registers using Synchronous Clear  ; 0     ;
; Number of registers using Synchronous Load   ; 0     ;
; Number of registers using Asynchronous Clear ; 0     ;
; Number of registers using Asynchronous Load  ; 0     ;
; Number of registers using Clock Enable       ; 0     ;
; Number of registers using Preset             ; 0     ;
+----------------------------------------------+-------+


+--------------------------------------------------------------------------------------------------------+
; Source assignments for lpm_ram_dq0:SRAM|altsyncram:altsyncram_component|altsyncram_9df1:auto_generated ;
+---------------------------------+--------------------+------+------------------------------------------+
; Assignment                      ; Value              ; From ; To                                       ;
+---------------------------------+--------------------+------+------------------------------------------+
; OPTIMIZE_POWER_DURING_SYNTHESIS ; NORMAL_COMPILATION ; -    ; -                                        ;
+---------------------------------+--------------------+------+------------------------------------------+


+------------------------------------------------------------------------------------------+
; Parameter Settings for User Entity Instance: lpm_latch0:AR|lpm_latch:lpm_latch_component ;
+----------------+--------+----------------------------------------------------------------+
; Parameter Name ; Value  ; Type                                                           ;
+----------------+--------+----------------------------------------------------------------+
; LPM_WIDTH      ; 8      ; Signed Integer                                                 ;
; LPM_AVALUE     ; UNUSED ; Untyped                                                        ;
+----------------+--------+----------------------------------------------------------------+
Note: In order to hide this table in the UI and the text report file, please set the "Show Parameter Settings Tables in Synthesis Report" option in "Analysis and Synthesis Settings -> More Settings" to "Off".


+--------------------------------------------------------------------------------------+
; Parameter Settings for User Entity Instance: lpm_mux0:inst|LPM_MUX:lpm_mux_component ;
+------------------------+-------------+-----------------------------------------------+
; Parameter Name         ; Value       ; Type                                          ;
+------------------------+-------------+-----------------------------------------------+
; AUTO_CARRY_CHAINS      ; ON          ; AUTO_CARRY                                    ;
; IGNORE_CARRY_BUFFERS   ; OFF         ; IGNORE_CARRY                                  ;
; AUTO_CASCADE_CHAINS    ; ON          ; AUTO_CASCADE                                  ;
; IGNORE_CASCADE_BUFFERS ; OFF         ; IGNORE_CASCADE                                ;
; LPM_WIDTH              ; 8           ; Signed Integer                                ;
; LPM_SIZE               ; 4           ; Signed Integer                                ;
; LPM_WIDTHS             ; 2           ; Signed Integer                                ;
; LPM_PIPELINE           ; 0           ; Signed Integer                                ;
; CBXI_PARAMETER         ; mux_j6e     ; Untyped                                       ;
; DEVICE_FAMILY          ; Cyclone III ; Untyped                                       ;
+------------------------+-------------+-----------------------------------------------+
Note: In order to hide this table in the UI and the text report file, please set the "Show Parameter Settings Tables in Synthesis Report" option in "Analysis and Synthesis Settings -> More Settings" to "Off".


+-----------------------------------------------------------------------------------------------+
; Parameter Settings for User Entity Instance: lpm_ram_dq0:SRAM|altsyncram:altsyncram_component ;
+------------------------------------+----------------------+-----------------------------------+
; Parameter Name                     ; Value                ; Type                              ;
+------------------------------------+----------------------+-----------------------------------+
; BYTE_SIZE_BLOCK                    ; 8                    ; Untyped                           ;
; AUTO_CARRY_CHAINS                  ; ON                   ; AUTO_CARRY                        ;
; IGNORE_CARRY_BUFFERS               ; OFF                  ; IGNORE_CARRY                      ;
; AUTO_CASCADE_CHAINS                ; ON                   ; AUTO_CASCADE                      ;
; IGNORE_CASCADE_BUFFERS             ; OFF                  ; IGNORE_CASCADE                    ;
; WIDTH_BYTEENA                      ; 1                    ; Untyped                           ;
; OPERATION_MODE                     ; SINGLE_PORT          ; Untyped                           ;
; WIDTH_A                            ; 8                    ; Signed Integer                    ;
; WIDTHAD_A                          ; 8                    ; Signed Integer                    ;
; NUMWORDS_A                         ; 256                  ; Signed Integer                    ;
; OUTDATA_REG_A                      ; CLOCK0               ; Untyped                           ;
; ADDRESS_ACLR_A                     ; NONE                 ; Untyped                           ;
; OUTDATA_ACLR_A                     ; NONE                 ; Untyped                           ;
; WRCONTROL_ACLR_A                   ; NONE                 ; Untyped                           ;
; INDATA_ACLR_A                      ; NONE                 ; Untyped                           ;
; BYTEENA_ACLR_A                     ; NONE                 ; Untyped                           ;
; WIDTH_B                            ; 1                    ; Untyped                           ;
; WIDTHAD_B                          ; 1                    ; Untyped                           ;
; NUMWORDS_B                         ; 1                    ; Untyped                           ;
; INDATA_REG_B                       ; CLOCK1               ; Untyped                           ;
; WRCONTROL_WRADDRESS_REG_B          ; CLOCK1               ; Untyped                           ;
; RDCONTROL_REG_B                    ; CLOCK1               ; Untyped                           ;
; ADDRESS_REG_B                      ; CLOCK1               ; Untyped                           ;
; OUTDATA_REG_B                      ; UNREGISTERED         ; Untyped                           ;
; BYTEENA_REG_B                      ; CLOCK1               ; Untyped                           ;
; INDATA_ACLR_B                      ; NONE                 ; Untyped                           ;
; WRCONTROL_ACLR_B                   ; NONE                 ; Untyped                           ;
; ADDRESS_ACLR_B                     ; NONE                 ; Untyped                           ;
; OUTDATA_ACLR_B                     ; NONE                 ; Untyped                           ;
; RDCONTROL_ACLR_B                   ; NONE                 ; Untyped                           ;
; BYTEENA_ACLR_B                     ; NONE                 ; Untyped                           ;
; WIDTH_BYTEENA_A                    ; 1                    ; Signed Integer                    ;
; WIDTH_BYTEENA_B                    ; 1                    ; Untyped                           ;
; RAM_BLOCK_TYPE                     ; AUTO                 ; Untyped                           ;
; BYTE_SIZE                          ; 8                    ; Untyped                           ;
; READ_DURING_WRITE_MODE_MIXED_PORTS ; DONT_CARE            ; Untyped                           ;
; READ_DURING_WRITE_MODE_PORT_A      ; NEW_DATA_NO_NBE_READ ; Untyped                           ;
; READ_DURING_WRITE_MODE_PORT_B      ; NEW_DATA_NO_NBE_READ ; Untyped                           ;
; INIT_FILE                          ; UNUSED               ; Untyped                           ;
; INIT_FILE_LAYOUT                   ; PORT_A               ; Untyped                           ;
; MAXIMUM_DEPTH                      ; 0                    ; Untyped                           ;
; CLOCK_ENABLE_INPUT_A               ; BYPASS               ; Untyped                           ;
; CLOCK_ENABLE_INPUT_B               ; NORMAL               ; Untyped                           ;
; CLOCK_ENABLE_OUTPUT_A              ; BYPASS               ; Untyped                           ;
; CLOCK_ENABLE_OUTPUT_B              ; NORMAL               ; Untyped                           ;
; CLOCK_ENABLE_CORE_A                ; USE_INPUT_CLKEN      ; Untyped                           ;
; CLOCK_ENABLE_CORE_B                ; USE_INPUT_CLKEN      ; Untyped                           ;
; ENABLE_ECC                         ; FALSE                ; Untyped                           ;
; DEVICE_FAMILY                      ; Cyclone III          ; Untyped                           ;
; CBXI_PARAMETER                     ; altsyncram_9df1      ; Untyped                           ;
+------------------------------------+----------------------+-----------------------------------+
Note: In order to hide this table in the UI and the text report file, please set the "Show Parameter Settings Tables in Synthesis Report" option in "Analysis and Synthesis Settings -> More Settings" to "Off".


+------------------------------------------------------------------------------------------+
; Parameter Settings for User Entity Instance: lpm_latch0:R0|lpm_latch:lpm_latch_component ;
+----------------+--------+----------------------------------------------------------------+
; Parameter Name ; Value  ; Type                                                           ;
+----------------+--------+----------------------------------------------------------------+
; LPM_WIDTH      ; 8      ; Signed Integer                                                 ;
; LPM_AVALUE     ; UNUSED ; Untyped                                                        ;
+----------------+--------+----------------------------------------------------------------+
Note: In order to hide this table in the UI and the text report file, please set the "Show Parameter Settings Tables in Synthesis Report" option in "Analysis and Synthesis Settings -> More Settings" to "Off".


+------------------------------------------------------------------------------------------------+
; Parameter Settings for User Entity Instance: lpm_latch0:LED_DISP|lpm_latch:lpm_latch_component ;
+----------------+--------+----------------------------------------------------------------------+
; Parameter Name ; Value  ; Type                                                                 ;
+----------------+--------+----------------------------------------------------------------------+
; LPM_WIDTH      ; 8      ; Signed Integer                                                       ;
; LPM_AVALUE     ; UNUSED ; Untyped                                                              ;
+----------------+--------+----------------------------------------------------------------------+
Note: In order to hide this table in the UI and the text report file, please set the "Show Parameter Settings Tables in Synthesis Report" option in "Analysis and Synthesis Settings -> More Settings" to "Off".


+----------------------------------------------------------------------------------------------+
; altsyncram Parameter Settings by Entity Instance                                             ;
+-------------------------------------------+--------------------------------------------------+
; Name                                      ; Value                                            ;
+-------------------------------------------+--------------------------------------------------+
; Number of entity instances                ; 1                                                ;
; Entity Instance                           ; lpm_ram_dq0:SRAM|altsyncram:altsyncram_component ;
;     -- OPERATION_MODE                     ; SINGLE_PORT                                      ;
;     -- WIDTH_A                            ; 8                                                ;
;     -- NUMWORDS_A                         ; 256                                              ;
;     -- OUTDATA_REG_A                      ; CLOCK0                                           ;
;     -- WIDTH_B                            ; 1                                                ;
;     -- NUMWORDS_B                         ; 1                                                ;
;     -- ADDRESS_REG_B                      ; CLOCK1                                           ;
;     -- OUTDATA_REG_B                      ; UNREGISTERED                                     ;
;     -- RAM_BLOCK_TYPE                     ; AUTO                                             ;
;     -- READ_DURING_WRITE_MODE_MIXED_PORTS ; DONT_CARE                                        ;
+-------------------------------------------+--------------------------------------------------+


+-------------------------------+
; Analysis & Synthesis Messages ;
+-------------------------------+
Info: *******************************************************************
Info: Running Quartus II Analysis & Synthesis
    Info: Version 9.0 Build 132 02/25/2009 SJ Full Version
    Info: Processing started: Wed Jun 08 20:27:39 2022
Info: Command: quartus_map --read_settings_files=on --write_settings_files=off lab5 -c lab5
Info: Found 2 design units, including 1 entities, in source file lpm_latch0.vhd
    Info: Found design unit 1: lpm_latch0-SYN
    Info: Found entity 1: lpm_latch0
Info: Found 2 design units, including 1 entities, in source file lpm_ram_dq0.vhd
    Info: Found design unit 1: lpm_ram_dq0-SYN
    Info: Found entity 1: lpm_ram_dq0
Info: Found 2 design units, including 1 entities, in source file lpm_mux0.vhd
    Info: Found design unit 1: lpm_mux0-SYN
    Info: Found entity 1: lpm_mux0
Info: Found 1 design units, including 1 entities, in source file lab5.bdf
    Info: Found entity 1: lab5
Info: Elaborating entity "lab5" for the top level hierarchy
Info: Elaborating entity "lpm_latch0" for hierarchy "lpm_latch0:AR"
Info: Elaborating entity "lpm_latch" for hierarchy "lpm_latch0:AR|lpm_latch:lpm_latch_component"
Info: Elaborated megafunction instantiation "lpm_latch0:AR|lpm_latch:lpm_latch_component"
Info: Instantiated megafunction "lpm_latch0:AR|lpm_latch:lpm_latch_component" with the following parameter:
    Info: Parameter "lpm_type" = "LPM_LATCH"
    Info: Parameter "lpm_width" = "8"
Info: Elaborating entity "lpm_mux0" for hierarchy "lpm_mux0:inst"
Info: Elaborating entity "LPM_MUX" for hierarchy "lpm_mux0:inst|LPM_MUX:lpm_mux_component"
Info: Elaborated megafunction instantiation "lpm_mux0:inst|LPM_MUX:lpm_mux_component"
Info: Instantiated megafunction "lpm_mux0:inst|LPM_MUX:lpm_mux_component" with the following parameter:
    Info: Parameter "LPM_WIDTH" = "8"
    Info: Parameter "LPM_SIZE" = "4"
    Info: Parameter "LPM_WIDTHS" = "2"
    Info: Parameter "LPM_PIPELINE" = "0"
    Info: Parameter "LPM_TYPE" = "LPM_MUX"
    Info: Parameter "LPM_HINT" = "UNUSED"
Info: Found 1 design units, including 1 entities, in source file db/mux_j6e.tdf
    Info: Found entity 1: mux_j6e
Info: Elaborating entity "mux_j6e" for hierarchy "lpm_mux0:inst|LPM_MUX:lpm_mux_component|mux_j6e:auto_generated"
Info: Elaborating entity "lpm_ram_dq0" for hierarchy "lpm_ram_dq0:SRAM"
Info: Elaborating entity "altsyncram" for hierarchy "lpm_ram_dq0:SRAM|altsyncram:altsyncram_component"
Info: Elaborated megafunction instantiation "lpm_ram_dq0:SRAM|altsyncram:altsyncram_component"
Info: Instantiated megafunction "lpm_ram_dq0:SRAM|altsyncram:altsyncram_component" with the following parameter:
    Info: Parameter "clock_enable_input_a" = "BYPASS"
    Info: Parameter "clock_enable_output_a" = "BYPASS"
    Info: Parameter "intended_device_family" = "Cyclone III"
    Info: Parameter "lpm_hint" = "ENABLE_RUNTIME_MOD=NO"
    Info: Parameter "lpm_type" = "altsyncram"
    Info: Parameter "numwords_a" = "256"
    Info: Parameter "operation_mode" = "SINGLE_PORT"
    Info: Parameter "outdata_aclr_a" = "NONE"
    Info: Parameter "outdata_reg_a" = "CLOCK0"
    Info: Parameter "power_up_uninitialized" = "FALSE"
    Info: Parameter "read_during_write_mode_port_a" = "NEW_DATA_NO_NBE_READ"
    Info: Parameter "widthad_a" = "8"
    Info: Parameter "width_a" = "8"
    Info: Parameter "width_byteena_a" = "1"
Info: Found 1 design units, including 1 entities, in source file db/altsyncram_9df1.tdf
    Info: Found entity 1: altsyncram_9df1
Info: Elaborating entity "altsyncram_9df1" for hierarchy "lpm_ram_dq0:SRAM|altsyncram:altsyncram_component|altsyncram_9df1:auto_generated"
Info: Implemented 103 device resources after synthesis - the final resource count might be different
    Info: Implemented 15 input pins
    Info: Implemented 40 output pins
    Info: Implemented 40 logic cells
    Info: Implemented 8 RAM segments
Info: Quartus II Analysis & Synthesis was successful. 0 errors, 0 warnings
    Info: Peak virtual memory: 253 megabytes
    Info: Processing ended: Wed Jun 08 20:27:41 2022
    Info: Elapsed time: 00:00:02
    Info: Total CPU time (on all processors): 00:00:02


