Analysis & Synthesis report for lab2_alu
Wed May 18 20:12:57 2022
Quartus II Version 9.0 Build 132 02/25/2009 SJ Full Version


---------------------
; Table of Contents ;
---------------------
  1. Legal Notice
  2. Analysis & Synthesis Summary
  3. Analysis & Synthesis Settings
  4. Analysis & Synthesis Source Files Read
  5. Analysis & Synthesis Resource Usage Summary
  6. Analysis & Synthesis Resource Utilization by Entity
  7. User-Specified and Inferred Latches
  8. General Register Statistics
  9. Multiplexer Restructuring Statistics (Restructuring Performed)
 10. Source assignments for lpm_counter0:inst6|lpm_counter:lpm_counter_component
 11. Parameter Settings for User Entity Instance: lpm_counter0:inst6|lpm_counter:lpm_counter_component
 12. Analysis & Synthesis Messages



----------------
; Legal Notice ;
----------------
Copyright (C) 1991-2009 Altera Corporation
Your use of Altera Corporation's design tools, logic functions 
and other software and tools, and its AMPP partner logic 
functions, and any output files from any of the foregoing 
(including device programming or simulation files), and any 
associated documentation or information are expressly subject 
to the terms and conditions of the Altera Program License 
Subscription Agreement, Altera MegaCore Function License 
Agreement, or other applicable license agreement, including, 
without limitation, that your use is for the sole purpose of 
programming logic devices manufactured by Altera and sold by 
Altera or its authorized distributors.  Please refer to the 
applicable agreement for further details.



+-------------------------------------------------------------------------------+
; Analysis & Synthesis Summary                                                  ;
+------------------------------------+------------------------------------------+
; Analysis & Synthesis Status        ; Successful - Wed May 18 20:12:57 2022    ;
; Quartus II Version                 ; 9.0 Build 132 02/25/2009 SJ Full Version ;
; Revision Name                      ; lab2_alu                                 ;
; Top-level Entity Name              ; lab2_alu                                 ;
; Family                             ; Cyclone III                              ;
; Total logic elements               ; 375                                      ;
;     Total combinational functions  ; 375                                      ;
;     Dedicated logic registers      ; 4                                        ;
; Total registers                    ; 4                                        ;
; Total pins                         ; 41                                       ;
; Total virtual pins                 ; 0                                        ;
; Total memory bits                  ; 0                                        ;
; Embedded Multiplier 9-bit elements ; 0                                        ;
; Total PLLs                         ; 0                                        ;
+------------------------------------+------------------------------------------+


+----------------------------------------------------------------------------------------------------------+
; Analysis & Synthesis Settings                                                                            ;
+----------------------------------------------------------------+--------------------+--------------------+
; Option                                                         ; Setting            ; Default Value      ;
+----------------------------------------------------------------+--------------------+--------------------+
; Device                                                         ; EP3C40Q240C8       ;                    ;
; Top-level entity name                                          ; lab2_alu           ; lab2_alu           ;
; Family name                                                    ; Cyclone III        ; Stratix II         ;
; Use Generated Physical Constraints File                        ; Off                ;                    ;
; Use smart compilation                                          ; Off                ; Off                ;
; Restructure Multiplexers                                       ; Auto               ; Auto               ;
; Create Debugging Nodes for IP Cores                            ; Off                ; Off                ;
; Preserve fewer node names                                      ; On                 ; On                 ;
; Disable OpenCore Plus hardware evaluation                      ; Off                ; Off                ;
; Verilog Version                                                ; Verilog_2001       ; Verilog_2001       ;
; VHDL Version                                                   ; VHDL93             ; VHDL93             ;
; State Machine Processing                                       ; Auto               ; Auto               ;
; Safe State Machine                                             ; Off                ; Off                ;
; Extract Verilog State Machines                                 ; On                 ; On                 ;
; Extract VHDL State Machines                                    ; On                 ; On                 ;
; Ignore Verilog initial constructs                              ; Off                ; Off                ;
; Iteration limit for constant Verilog loops                     ; 5000               ; 5000               ;
; Iteration limit for non-constant Verilog loops                 ; 250                ; 250                ;
; Add Pass-Through Logic to Inferred RAMs                        ; On                 ; On                 ;
; Parallel Synthesis                                             ; Off                ; Off                ;
; DSP Block Balancing                                            ; Auto               ; Auto               ;
; NOT Gate Push-Back                                             ; On                 ; On                 ;
; Power-Up Don't Care                                            ; On                 ; On                 ;
; Remove Redundant Logic Cells                                   ; Off                ; Off                ;
; Remove Duplicate Registers                                     ; On                 ; On                 ;
; Ignore CARRY Buffers                                           ; Off                ; Off                ;
; Ignore CASCADE Buffers                                         ; Off                ; Off                ;
; Ignore GLOBAL Buffers                                          ; Off                ; Off                ;
; Ignore ROW GLOBAL Buffers                                      ; Off                ; Off                ;
; Ignore LCELL Buffers                                           ; Off                ; Off                ;
; Ignore SOFT Buffers                                            ; On                 ; On                 ;
; Limit AHDL Integers to 32 Bits                                 ; Off                ; Off                ;
; Optimization Technique                                         ; Balanced           ; Balanced           ;
; Carry Chain Length                                             ; 70                 ; 70                 ;
; Auto Carry Chains                                              ; On                 ; On                 ;
; Auto Open-Drain Pins                                           ; On                 ; On                 ;
; Perform WYSIWYG Primitive Resynthesis                          ; Off                ; Off                ;
; Auto ROM Replacement                                           ; On                 ; On                 ;
; Auto RAM Replacement                                           ; On                 ; On                 ;
; Auto DSP Block Replacement                                     ; On                 ; On                 ;
; Auto Shift Register Replacement                                ; Auto               ; Auto               ;
; Auto Clock Enable Replacement                                  ; On                 ; On                 ;
; Strict RAM Replacement                                         ; Off                ; Off                ;
; Allow Synchronous Control Signals                              ; On                 ; On                 ;
; Force Use of Synchronous Clear Signals                         ; Off                ; Off                ;
; Auto RAM Block Balancing                                       ; On                 ; On                 ;
; Auto RAM to Logic Cell Conversion                              ; Off                ; Off                ;
; Auto Resource Sharing                                          ; Off                ; Off                ;
; Allow Any RAM Size For Recognition                             ; Off                ; Off                ;
; Allow Any ROM Size For Recognition                             ; Off                ; Off                ;
; Allow Any Shift Register Size For Recognition                  ; Off                ; Off                ;
; Use LogicLock Constraints during Resource Balancing            ; On                 ; On                 ;
; Ignore translate_off and synthesis_off directives              ; Off                ; Off                ;
; Timing-Driven Synthesis                                        ; Off                ; Off                ;
; Show Parameter Settings Tables in Synthesis Report             ; On                 ; On                 ;
; Ignore Maximum Fan-Out Assignments                             ; Off                ; Off                ;
; Synchronization Register Chain Length                          ; 2                  ; 2                  ;
; PowerPlay Power Optimization                                   ; Normal compilation ; Normal compilation ;
; HDL message level                                              ; Level2             ; Level2             ;
; Suppress Register Optimization Related Messages                ; Off                ; Off                ;
; Number of Removed Registers Reported in Synthesis Report       ; 100                ; 100                ;
; Number of Inverted Registers Reported in Synthesis Report      ; 100                ; 100                ;
; Clock MUX Protection                                           ; On                 ; On                 ;
; Auto Gated Clock Conversion                                    ; Off                ; Off                ;
; Block Design Naming                                            ; Auto               ; Auto               ;
; SDC constraint protection                                      ; Off                ; Off                ;
; Synthesis Effort                                               ; Auto               ; Auto               ;
; Allows Asynchronous Clear Usage For Shift Register Replacement ; On                 ; On                 ;
; Analysis & Synthesis Message Level                             ; Medium             ; Medium             ;
+----------------------------------------------------------------+--------------------+--------------------+


+----------------------------------------------------------------------------------------------------------------------------------------------------------------+
; Analysis & Synthesis Source Files Read                                                                                                                         ;
+----------------------------------+-----------------+------------------------------------+----------------------------------------------------------------------+
; File Name with User-Entered Path ; Used in Netlist ; File Type                          ; File Name with Absolute Path                                         ;
+----------------------------------+-----------------+------------------------------------+----------------------------------------------------------------------+
; ALU.vhd                          ; yes             ; User VHDL File                     ; D:/code/Quartus/b/lab2_alu/ALU.vhd                                   ;
; lab2_alu.bdf                     ; yes             ; User Block Diagram/Schematic File  ; D:/code/Quartus/b/lab2_alu/lab2_alu.bdf                              ;
; lpm_counter0.vhd                 ; yes             ; User Wizard-Generated File         ; D:/code/Quartus/b/lab2_alu/lpm_counter0.vhd                          ;
; 74373b.bdf                       ; yes             ; Megafunction                       ; c:/altera/90/quartus/libraries/others/maxplus2/74373b.bdf            ;
; lpm_counter.tdf                  ; yes             ; Megafunction                       ; c:/altera/90/quartus/libraries/megafunctions/lpm_counter.tdf         ;
; lpm_constant.inc                 ; yes             ; Megafunction                       ; c:/altera/90/quartus/libraries/megafunctions/lpm_constant.inc        ;
; lpm_decode.inc                   ; yes             ; Megafunction                       ; c:/altera/90/quartus/libraries/megafunctions/lpm_decode.inc          ;
; lpm_add_sub.inc                  ; yes             ; Megafunction                       ; c:/altera/90/quartus/libraries/megafunctions/lpm_add_sub.inc         ;
; cmpconst.inc                     ; yes             ; Megafunction                       ; c:/altera/90/quartus/libraries/megafunctions/cmpconst.inc            ;
; lpm_compare.inc                  ; yes             ; Megafunction                       ; c:/altera/90/quartus/libraries/megafunctions/lpm_compare.inc         ;
; lpm_counter.inc                  ; yes             ; Megafunction                       ; c:/altera/90/quartus/libraries/megafunctions/lpm_counter.inc         ;
; dffeea.inc                       ; yes             ; Megafunction                       ; c:/altera/90/quartus/libraries/megafunctions/dffeea.inc              ;
; alt_synch_counter.inc            ; yes             ; Megafunction                       ; c:/altera/90/quartus/libraries/megafunctions/alt_synch_counter.inc   ;
; alt_synch_counter_f.inc          ; yes             ; Megafunction                       ; c:/altera/90/quartus/libraries/megafunctions/alt_synch_counter_f.inc ;
; alt_counter_f10ke.inc            ; yes             ; Megafunction                       ; c:/altera/90/quartus/libraries/megafunctions/alt_counter_f10ke.inc   ;
; alt_counter_stratix.inc          ; yes             ; Megafunction                       ; c:/altera/90/quartus/libraries/megafunctions/alt_counter_stratix.inc ;
; aglobal90.inc                    ; yes             ; Megafunction                       ; c:/altera/90/quartus/libraries/megafunctions/aglobal90.inc           ;
; db/cntr_1oh.tdf                  ; yes             ; Auto-Generated Megafunction        ; D:/code/Quartus/b/lab2_alu/db/cntr_1oh.tdf                           ;
+----------------------------------+-----------------+------------------------------------+----------------------------------------------------------------------+


+-----------------------------------------------------------------------------------------------------------------------------------------------+
; Analysis & Synthesis Resource Usage Summary                                                                                                   ;
+---------------------------------------------+-------------------------------------------------------------------------------------------------+
; Resource                                    ; Usage                                                                                           ;
+---------------------------------------------+-------------------------------------------------------------------------------------------------+
; Estimated Total logic elements              ; 375                                                                                             ;
;                                             ;                                                                                                 ;
; Total combinational functions               ; 375                                                                                             ;
; Logic element usage by number of LUT inputs ;                                                                                                 ;
;     -- 4 input functions                    ; 164                                                                                             ;
;     -- 3 input functions                    ; 125                                                                                             ;
;     -- <=2 input functions                  ; 86                                                                                              ;
;                                             ;                                                                                                 ;
; Logic elements by mode                      ;                                                                                                 ;
;     -- normal mode                          ; 252                                                                                             ;
;     -- arithmetic mode                      ; 123                                                                                             ;
;                                             ;                                                                                                 ;
; Total registers                             ; 4                                                                                               ;
;     -- Dedicated logic registers            ; 4                                                                                               ;
;     -- I/O registers                        ; 0                                                                                               ;
;                                             ;                                                                                                 ;
; I/O pins                                    ; 41                                                                                              ;
; Maximum fan-out node                        ; lpm_counter0:inst6|lpm_counter:lpm_counter_component|cntr_1oh:auto_generated|counter_reg_bit[3] ;
; Maximum fan-out                             ; 65                                                                                              ;
; Total fan-out                               ; 1252                                                                                            ;
; Average fan-out                             ; 2.72                                                                                            ;
+---------------------------------------------+-------------------------------------------------------------------------------------------------+


+---------------------------------------------------------------------------------------------------------------------------------------------------------------------------------------------------------------------------------------------------------------+
; Analysis & Synthesis Resource Utilization by Entity                                                                                                                                                                                                           ;
+-------------------------------------------+-------------------+--------------+-------------+--------------+---------+-----------+------+--------------+----------------------------------------------------------------------------------------+--------------+
; Compilation Hierarchy Node                ; LC Combinationals ; LC Registers ; Memory Bits ; DSP Elements ; DSP 9x9 ; DSP 18x18 ; Pins ; Virtual Pins ; Full Hierarchy Name                                                                    ; Library Name ;
+-------------------------------------------+-------------------+--------------+-------------+--------------+---------+-----------+------+--------------+----------------------------------------------------------------------------------------+--------------+
; |lab2_alu                                 ; 375 (0)           ; 4 (0)        ; 0           ; 0            ; 0       ; 0         ; 41   ; 0            ; |lab2_alu                                                                              ; work         ;
;    |74373b:inst7|                         ; 8 (8)             ; 0 (0)        ; 0           ; 0            ; 0       ; 0         ; 0    ; 0            ; |lab2_alu|74373b:inst7                                                                 ; work         ;
;    |74373b:inst8|                         ; 8 (8)             ; 0 (0)        ; 0           ; 0            ; 0       ; 0         ; 0    ; 0            ; |lab2_alu|74373b:inst8                                                                 ; work         ;
;    |ALU181:inst|                          ; 355 (355)         ; 0 (0)        ; 0           ; 0            ; 0       ; 0         ; 0    ; 0            ; |lab2_alu|ALU181:inst                                                                  ; work         ;
;    |lpm_counter0:inst6|                   ; 4 (0)             ; 4 (0)        ; 0           ; 0            ; 0       ; 0         ; 0    ; 0            ; |lab2_alu|lpm_counter0:inst6                                                           ; work         ;
;       |lpm_counter:lpm_counter_component| ; 4 (0)             ; 4 (0)        ; 0           ; 0            ; 0       ; 0         ; 0    ; 0            ; |lab2_alu|lpm_counter0:inst6|lpm_counter:lpm_counter_component                         ; work         ;
;          |cntr_1oh:auto_generated|        ; 4 (4)             ; 4 (4)        ; 0           ; 0            ; 0       ; 0         ; 0    ; 0            ; |lab2_alu|lpm_counter0:inst6|lpm_counter:lpm_counter_component|cntr_1oh:auto_generated ; work         ;
+-------------------------------------------+-------------------+--------------+-------------+--------------+---------+-----------+------+--------------+----------------------------------------------------------------------------------------+--------------+
Note: For table entries with two numbers listed, the numbers in parentheses indicate the number of resources of the given type used by the specific entity alone. The numbers listed outside of parentheses indicate the total resources of the given type used by the specific entity and all of its sub-entities in the hierarchy.


+----------------------------------------------------------------------------------------------------+
; User-Specified and Inferred Latches                                                                ;
+-----------------------------------------------------+---------------------+------------------------+
; Latch Name                                          ; Latch Enable Signal ; Free of Timing Hazards ;
+-----------------------------------------------------+---------------------+------------------------+
; 74373b:inst8|19                                     ; AB                  ; yes                    ;
; 74373b:inst7|19                                     ; AB                  ; yes                    ;
; 74373b:inst8|18                                     ; AB                  ; yes                    ;
; 74373b:inst7|18                                     ; AB                  ; yes                    ;
; 74373b:inst8|17                                     ; AB                  ; yes                    ;
; 74373b:inst7|17                                     ; AB                  ; yes                    ;
; 74373b:inst8|16                                     ; AB                  ; yes                    ;
; 74373b:inst7|16                                     ; AB                  ; yes                    ;
; 74373b:inst8|15                                     ; AB                  ; yes                    ;
; 74373b:inst7|15                                     ; AB                  ; yes                    ;
; 74373b:inst8|14                                     ; AB                  ; yes                    ;
; 74373b:inst7|14                                     ; AB                  ; yes                    ;
; 74373b:inst8|13                                     ; AB                  ; yes                    ;
; 74373b:inst7|13                                     ; AB                  ; yes                    ;
; 74373b:inst8|12                                     ; AB                  ; yes                    ;
; 74373b:inst7|12                                     ; AB                  ; yes                    ;
; Number of user-specified and inferred latches = 16  ;                     ;                        ;
+-----------------------------------------------------+---------------------+------------------------+
Note: All latches listed above may not be present at the end of synthesis due to various synthesis optimizations.


+------------------------------------------------------+
; General Register Statistics                          ;
+----------------------------------------------+-------+
; Statistic                                    ; Value ;
+----------------------------------------------+-------+
; Total registers                              ; 4     ;
; Number of registers using Synchronous Clear  ; 0     ;
; Number of registers using Synchronous Load   ; 0     ;
; Number of registers using Asynchronous Clear ; 0     ;
; Number of registers using Asynchronous Load  ; 0     ;
; Number of registers using Clock Enable       ; 0     ;
; Number of registers using Preset             ; 0     ;
+----------------------------------------------+-------+


+------------------------------------------------------------------------------------------------------------------------------------------+
; Multiplexer Restructuring Statistics (Restructuring Performed)                                                                           ;
+--------------------+-----------+---------------+----------------------+------------------------+------------+----------------------------+
; Multiplexer Inputs ; Bus Width ; Baseline Area ; Area if Restructured ; Saving if Restructured ; Registered ; Example Multiplexer Output ;
+--------------------+-----------+---------------+----------------------+------------------------+------------+----------------------------+
; 31:1               ; 8 bits    ; 160 LEs       ; 152 LEs              ; 8 LEs                  ; No         ; |lab2_alu|ALU181:inst|Mux1 ;
+--------------------+-----------+---------------+----------------------+------------------------+------------+----------------------------+


+-----------------------------------------------------------------------------+
; Source assignments for lpm_counter0:inst6|lpm_counter:lpm_counter_component ;
+---------------------------+-------+------+----------------------------------+
; Assignment                ; Value ; From ; To                               ;
+---------------------------+-------+------+----------------------------------+
; SUPPRESS_DA_RULE_INTERNAL ; a101  ; -    ; -                                ;
; SUPPRESS_DA_RULE_INTERNAL ; s102  ; -    ; -                                ;
; SUPPRESS_DA_RULE_INTERNAL ; s103  ; -    ; -                                ;
+---------------------------+-------+------+----------------------------------+


+---------------------------------------------------------------------------------------------------+
; Parameter Settings for User Entity Instance: lpm_counter0:inst6|lpm_counter:lpm_counter_component ;
+------------------------+-------------+------------------------------------------------------------+
; Parameter Name         ; Value       ; Type                                                       ;
+------------------------+-------------+------------------------------------------------------------+
; AUTO_CARRY_CHAINS      ; ON          ; AUTO_CARRY                                                 ;
; IGNORE_CARRY_BUFFERS   ; OFF         ; IGNORE_CARRY                                               ;
; AUTO_CASCADE_CHAINS    ; ON          ; AUTO_CASCADE                                               ;
; IGNORE_CASCADE_BUFFERS ; OFF         ; IGNORE_CASCADE                                             ;
; LPM_WIDTH              ; 4           ; Signed Integer                                             ;
; LPM_DIRECTION          ; UP          ; Untyped                                                    ;
; LPM_MODULUS            ; 0           ; Untyped                                                    ;
; LPM_AVALUE             ; UNUSED      ; Untyped                                                    ;
; LPM_SVALUE             ; UNUSED      ; Untyped                                                    ;
; LPM_PORT_UPDOWN        ; PORT_UNUSED ; Untyped                                                    ;
; DEVICE_FAMILY          ; Cyclone III ; Untyped                                                    ;
; CARRY_CHAIN            ; MANUAL      ; Untyped                                                    ;
; CARRY_CHAIN_LENGTH     ; 48          ; CARRY_CHAIN_LENGTH                                         ;
; NOT_GATE_PUSH_BACK     ; ON          ; NOT_GATE_PUSH_BACK                                         ;
; CARRY_CNT_EN           ; SMART       ; Untyped                                                    ;
; LABWIDE_SCLR           ; ON          ; Untyped                                                    ;
; USE_NEW_VERSION        ; TRUE        ; Untyped                                                    ;
; CBXI_PARAMETER         ; cntr_1oh    ; Untyped                                                    ;
+------------------------+-------------+------------------------------------------------------------+
Note: In order to hide this table in the UI and the text report file, please set the "Show Parameter Settings Tables in Synthesis Report" option in "Analysis and Synthesis Settings -> More Settings" to "Off".


+-------------------------------+
; Analysis & Synthesis Messages ;
+-------------------------------+
Info: *******************************************************************
Info: Running Quartus II Analysis & Synthesis
    Info: Version 9.0 Build 132 02/25/2009 SJ Full Version
    Info: Processing started: Wed May 18 20:12:54 2022
Info: Command: quartus_map --read_settings_files=on --write_settings_files=off lab2_alu -c lab2_alu
Info: Found 2 design units, including 1 entities, in source file ALU.vhd
    Info: Found design unit 1: ALU181-behav
    Info: Found entity 1: ALU181
Info: Found 1 design units, including 1 entities, in source file lab2_alu.bdf
    Info: Found entity 1: lab2_alu
Info: Found 2 design units, including 1 entities, in source file lpm_counter0.vhd
    Info: Found design unit 1: lpm_counter0-SYN
    Info: Found entity 1: lpm_counter0
Info: Elaborating entity "lab2_alu" for the top level hierarchy
Info: Elaborating entity "ALU181" for hierarchy "ALU181:inst"
Warning (10492): VHDL Process Statement warning at ALU.vhd(23): signal "S" is read inside the Process Statement but isn't in the Process Statement's sensitivity list
Info: Elaborating entity "74373b" for hierarchy "74373b:inst7"
Info: Elaborated megafunction instantiation "74373b:inst7"
Info: Elaborating entity "lpm_counter0" for hierarchy "lpm_counter0:inst6"
Info: Elaborating entity "lpm_counter" for hierarchy "lpm_counter0:inst6|lpm_counter:lpm_counter_component"
Info: Elaborated megafunction instantiation "lpm_counter0:inst6|lpm_counter:lpm_counter_component"
Info: Instantiated megafunction "lpm_counter0:inst6|lpm_counter:lpm_counter_component" with the following parameter:
    Info: Parameter "lpm_direction" = "UP"
    Info: Parameter "lpm_port_updown" = "PORT_UNUSED"
    Info: Parameter "lpm_type" = "LPM_COUNTER"
    Info: Parameter "lpm_width" = "4"
Info: Found 1 design units, including 1 entities, in source file db/cntr_1oh.tdf
    Info: Found entity 1: cntr_1oh
Info: Elaborating entity "cntr_1oh" for hierarchy "lpm_counter0:inst6|lpm_counter:lpm_counter_component|cntr_1oh:auto_generated"
Warning: Always-enabled tri-state buffer(s) removed
    Warning: Converted the fanout from the always-enabled tri-state buffer "74373b:inst8|74" to the node "B[7]" into a wire
    Warning: Converted the fanout from the always-enabled tri-state buffer "74373b:inst7|74" to the node "A[7]" into a wire
    Warning: Converted the fanout from the always-enabled tri-state buffer "74373b:inst8|73" to the node "B[6]" into a wire
    Warning: Converted the fanout from the always-enabled tri-state buffer "74373b:inst7|73" to the node "A[6]" into a wire
    Warning: Converted the fanout from the always-enabled tri-state buffer "74373b:inst8|72" to the node "B[5]" into a wire
    Warning: Converted the fanout from the always-enabled tri-state buffer "74373b:inst7|72" to the node "A[5]" into a wire
    Warning: Converted the fanout from the always-enabled tri-state buffer "74373b:inst8|71" to the node "B[4]" into a wire
    Warning: Converted the fanout from the always-enabled tri-state buffer "74373b:inst7|71" to the node "A[4]" into a wire
    Warning: Converted the fanout from the always-enabled tri-state buffer "74373b:inst8|70" to the node "B[3]" into a wire
    Warning: Converted the fanout from the always-enabled tri-state buffer "74373b:inst7|70" to the node "A[3]" into a wire
    Warning: Converted the fanout from the always-enabled tri-state buffer "74373b:inst8|69" to the node "B[2]" into a wire
    Warning: Converted the fanout from the always-enabled tri-state buffer "74373b:inst7|69" to the node "A[2]" into a wire
    Warning: Converted the fanout from the always-enabled tri-state buffer "74373b:inst8|68" to the node "B[1]" into a wire
    Warning: Converted the fanout from the always-enabled tri-state buffer "74373b:inst7|68" to the node "A[1]" into a wire
    Warning: Converted the fanout from the always-enabled tri-state buffer "74373b:inst8|67" to the node "B[0]" into a wire
    Warning: Converted the fanout from the always-enabled tri-state buffer "74373b:inst7|67" to the node "A[0]" into a wire
Warning: Tri-state node(s) do not directly drive top-level pin(s)
    Warning: Converted the fan-out from the tri-state buffer "74373b:inst8|74" to the node "ALU181:inst|F9" into an OR gate
    Warning: Converted the fan-out from the tri-state buffer "74373b:inst7|74" to the node "ALU181:inst|F9" into an OR gate
    Warning: Converted the fan-out from the tri-state buffer "74373b:inst8|73" to the node "ALU181:inst|F9" into an OR gate
    Warning: Converted the fan-out from the tri-state buffer "74373b:inst7|73" to the node "ALU181:inst|F9" into an OR gate
    Warning: Converted the fan-out from the tri-state buffer "74373b:inst8|72" to the node "ALU181:inst|F9" into an OR gate
    Warning: Converted the fan-out from the tri-state buffer "74373b:inst7|72" to the node "ALU181:inst|F9" into an OR gate
    Warning: Converted the fan-out from the tri-state buffer "74373b:inst8|71" to the node "ALU181:inst|F9" into an OR gate
    Warning: Converted the fan-out from the tri-state buffer "74373b:inst7|71" to the node "ALU181:inst|F9" into an OR gate
    Warning: Converted the fan-out from the tri-state buffer "74373b:inst8|70" to the node "ALU181:inst|F9" into an OR gate
    Warning: Converted the fan-out from the tri-state buffer "74373b:inst7|70" to the node "ALU181:inst|F9" into an OR gate
    Warning: Converted the fan-out from the tri-state buffer "74373b:inst8|69" to the node "ALU181:inst|F9" into an OR gate
    Warning: Converted the fan-out from the tri-state buffer "74373b:inst7|69" to the node "ALU181:inst|F9" into an OR gate
    Warning: Converted the fan-out from the tri-state buffer "74373b:inst8|68" to the node "ALU181:inst|F9" into an OR gate
    Warning: Converted the fan-out from the tri-state buffer "74373b:inst7|68" to the node "ALU181:inst|F9" into an OR gate
    Warning: Converted the fan-out from the tri-state buffer "74373b:inst8|67" to the node "ALU181:inst|F9" into an OR gate
    Warning: Converted the fan-out from the tri-state buffer "74373b:inst7|67" to the node "ALU181:inst|F9" into an OR gate
Info: Implemented 416 device resources after synthesis - the final resource count might be different
    Info: Implemented 12 input pins
    Info: Implemented 29 output pins
    Info: Implemented 375 logic cells
Info: Quartus II Analysis & Synthesis was successful. 0 errors, 35 warnings
    Info: Peak virtual memory: 249 megabytes
    Info: Processing ended: Wed May 18 20:12:57 2022
    Info: Elapsed time: 00:00:03
    Info: Total CPU time (on all processors): 00:00:02


