Analysis & Synthesis report for lab4
Wed Jun 01 19:57:56 2022
Quartus II Version 9.0 Build 132 02/25/2009 SJ Full Version


---------------------
; Table of Contents ;
---------------------
  1. Legal Notice
  2. Analysis & Synthesis Summary
  3. Analysis & Synthesis Settings
  4. Analysis & Synthesis Source Files Read
  5. Analysis & Synthesis Resource Usage Summary
  6. Analysis & Synthesis Resource Utilization by Entity
  7. Logic Cells Representing Combinational Loops
  8. General Register Statistics
  9. Source assignments for lpm_counter0:inst|lpm_counter:lpm_counter_component
 10. Source assignments for lpm_counter0:inst|lpm_counter:lpm_counter_component|cntr_25j:auto_generated
 11. Parameter Settings for User Entity Instance: lpm_dff0:inst2|lpm_ff:lpm_ff_component
 12. Parameter Settings for User Entity Instance: BUSMUX:inst1
 13. Parameter Settings for User Entity Instance: lpm_counter0:inst|lpm_counter:lpm_counter_component
 14. Analysis & Synthesis Messages



----------------
; Legal Notice ;
----------------
Copyright (C) 1991-2009 Altera Corporation
Your use of Altera Corporation's design tools, logic functions 
and other software and tools, and its AMPP partner logic 
functions, and any output files from any of the foregoing 
(including device programming or simulation files), and any 
associated documentation or information are expressly subject 
to the terms and conditions of the Altera Program License 
Subscription Agreement, Altera MegaCore Function License 
Agreement, or other applicable license agreement, including, 
without limitation, that your use is for the sole purpose of 
programming logic devices manufactured by Altera and sold by 
Altera or its authorized distributors.  Please refer to the 
applicable agreement for further details.



+-------------------------------------------------------------------------------+
; Analysis & Synthesis Summary                                                  ;
+------------------------------------+------------------------------------------+
; Analysis & Synthesis Status        ; Successful - Wed Jun 01 19:57:56 2022    ;
; Quartus II Version                 ; 9.0 Build 132 02/25/2009 SJ Full Version ;
; Revision Name                      ; lab4                                     ;
; Top-level Entity Name              ; lab4                                     ;
; Family                             ; Cyclone III                              ;
; Total logic elements               ; 43                                       ;
;     Total combinational functions  ; 43                                       ;
;     Dedicated logic registers      ; 16                                       ;
; Total registers                    ; 16                                       ;
; Total pins                         ; 20                                       ;
; Total virtual pins                 ; 0                                        ;
; Total memory bits                  ; 0                                        ;
; Embedded Multiplier 9-bit elements ; 0                                        ;
; Total PLLs                         ; 0                                        ;
+------------------------------------+------------------------------------------+


+----------------------------------------------------------------------------------------------------------+
; Analysis & Synthesis Settings                                                                            ;
+----------------------------------------------------------------+--------------------+--------------------+
; Option                                                         ; Setting            ; Default Value      ;
+----------------------------------------------------------------+--------------------+--------------------+
; Device                                                         ; EP3C40Q240C8       ;                    ;
; Top-level entity name                                          ; lab4               ; lab4               ;
; Family name                                                    ; Cyclone III        ; Stratix II         ;
; Use Generated Physical Constraints File                        ; Off                ;                    ;
; Use smart compilation                                          ; Off                ; Off                ;
; Restructure Multiplexers                                       ; Auto               ; Auto               ;
; Create Debugging Nodes for IP Cores                            ; Off                ; Off                ;
; Preserve fewer node names                                      ; On                 ; On                 ;
; Disable OpenCore Plus hardware evaluation                      ; Off                ; Off                ;
; Verilog Version                                                ; Verilog_2001       ; Verilog_2001       ;
; VHDL Version                                                   ; VHDL93             ; VHDL93             ;
; State Machine Processing                                       ; Auto               ; Auto               ;
; Safe State Machine                                             ; Off                ; Off                ;
; Extract Verilog State Machines                                 ; On                 ; On                 ;
; Extract VHDL State Machines                                    ; On                 ; On                 ;
; Ignore Verilog initial constructs                              ; Off                ; Off                ;
; Iteration limit for constant Verilog loops                     ; 5000               ; 5000               ;
; Iteration limit for non-constant Verilog loops                 ; 250                ; 250                ;
; Add Pass-Through Logic to Inferred RAMs                        ; On                 ; On                 ;
; Parallel Synthesis                                             ; Off                ; Off                ;
; DSP Block Balancing                                            ; Auto               ; Auto               ;
; NOT Gate Push-Back                                             ; On                 ; On                 ;
; Power-Up Don't Care                                            ; On                 ; On                 ;
; Remove Redundant Logic Cells                                   ; Off                ; Off                ;
; Remove Duplicate Registers                                     ; On                 ; On                 ;
; Ignore CARRY Buffers                                           ; Off                ; Off                ;
; Ignore CASCADE Buffers                                         ; Off                ; Off                ;
; Ignore GLOBAL Buffers                                          ; Off                ; Off                ;
; Ignore ROW GLOBAL Buffers                                      ; Off                ; Off                ;
; Ignore LCELL Buffers                                           ; Off                ; Off                ;
; Ignore SOFT Buffers                                            ; On                 ; On                 ;
; Limit AHDL Integers to 32 Bits                                 ; Off                ; Off                ;
; Optimization Technique                                         ; Balanced           ; Balanced           ;
; Carry Chain Length                                             ; 70                 ; 70                 ;
; Auto Carry Chains                                              ; On                 ; On                 ;
; Auto Open-Drain Pins                                           ; On                 ; On                 ;
; Perform WYSIWYG Primitive Resynthesis                          ; Off                ; Off                ;
; Auto ROM Replacement                                           ; On                 ; On                 ;
; Auto RAM Replacement                                           ; On                 ; On                 ;
; Auto DSP Block Replacement                                     ; On                 ; On                 ;
; Auto Shift Register Replacement                                ; Auto               ; Auto               ;
; Auto Clock Enable Replacement                                  ; On                 ; On                 ;
; Strict RAM Replacement                                         ; Off                ; Off                ;
; Allow Synchronous Control Signals                              ; On                 ; On                 ;
; Force Use of Synchronous Clear Signals                         ; Off                ; Off                ;
; Auto RAM Block Balancing                                       ; On                 ; On                 ;
; Auto RAM to Logic Cell Conversion                              ; Off                ; Off                ;
; Auto Resource Sharing                                          ; Off                ; Off                ;
; Allow Any RAM Size For Recognition                             ; Off                ; Off                ;
; Allow Any ROM Size For Recognition                             ; Off                ; Off                ;
; Allow Any Shift Register Size For Recognition                  ; Off                ; Off                ;
; Use LogicLock Constraints during Resource Balancing            ; On                 ; On                 ;
; Ignore translate_off and synthesis_off directives              ; Off                ; Off                ;
; Timing-Driven Synthesis                                        ; Off                ; Off                ;
; Show Parameter Settings Tables in Synthesis Report             ; On                 ; On                 ;
; Ignore Maximum Fan-Out Assignments                             ; Off                ; Off                ;
; Synchronization Register Chain Length                          ; 2                  ; 2                  ;
; PowerPlay Power Optimization                                   ; Normal compilation ; Normal compilation ;
; HDL message level                                              ; Level2             ; Level2             ;
; Suppress Register Optimization Related Messages                ; Off                ; Off                ;
; Number of Removed Registers Reported in Synthesis Report       ; 100                ; 100                ;
; Number of Inverted Registers Reported in Synthesis Report      ; 100                ; 100                ;
; Clock MUX Protection                                           ; On                 ; On                 ;
; Auto Gated Clock Conversion                                    ; Off                ; Off                ;
; Block Design Naming                                            ; Auto               ; Auto               ;
; SDC constraint protection                                      ; Off                ; Off                ;
; Synthesis Effort                                               ; Auto               ; Auto               ;
; Allows Asynchronous Clear Usage For Shift Register Replacement ; On                 ; On                 ;
; Analysis & Synthesis Message Level                             ; Medium             ; Medium             ;
+----------------------------------------------------------------+--------------------+--------------------+


+----------------------------------------------------------------------------------------------------------------------------------------------------------------+
; Analysis & Synthesis Source Files Read                                                                                                                         ;
+----------------------------------+-----------------+------------------------------------+----------------------------------------------------------------------+
; File Name with User-Entered Path ; Used in Netlist ; File Type                          ; File Name with Absolute Path                                         ;
+----------------------------------+-----------------+------------------------------------+----------------------------------------------------------------------+
; lpm_counter0.vhd                 ; yes             ; User Wizard-Generated File         ; D:/code/Quartus/b/lab4/lpm_counter0.vhd                              ;
; lpm_dff0.vhd                     ; yes             ; User Wizard-Generated File         ; D:/code/Quartus/b/lab4/lpm_dff0.vhd                                  ;
; lab4.bdf                         ; yes             ; User Block Diagram/Schematic File  ; D:/code/Quartus/b/lab4/lab4.bdf                                      ;
; lpm_ff.tdf                       ; yes             ; Megafunction                       ; c:/altera/90/quartus/libraries/megafunctions/lpm_ff.tdf              ;
; lpm_constant.inc                 ; yes             ; Megafunction                       ; c:/altera/90/quartus/libraries/megafunctions/lpm_constant.inc        ;
; aglobal90.inc                    ; yes             ; Megafunction                       ; c:/altera/90/quartus/libraries/megafunctions/aglobal90.inc           ;
; BUSMUX.tdf                       ; yes             ; Megafunction                       ; c:/altera/90/quartus/libraries/megafunctions/BUSMUX.tdf              ;
; lpm_mux.inc                      ; yes             ; Megafunction                       ; c:/altera/90/quartus/libraries/megafunctions/lpm_mux.inc             ;
; lpm_mux.tdf                      ; yes             ; Megafunction                       ; c:/altera/90/quartus/libraries/megafunctions/lpm_mux.tdf             ;
; muxlut.inc                       ; yes             ; Megafunction                       ; c:/altera/90/quartus/libraries/megafunctions/muxlut.inc              ;
; bypassff.inc                     ; yes             ; Megafunction                       ; c:/altera/90/quartus/libraries/megafunctions/bypassff.inc            ;
; altshift.inc                     ; yes             ; Megafunction                       ; c:/altera/90/quartus/libraries/megafunctions/altshift.inc            ;
; db/mux_5qc.tdf                   ; yes             ; Auto-Generated Megafunction        ; D:/code/Quartus/b/lab4/db/mux_5qc.tdf                                ;
; lpm_counter.tdf                  ; yes             ; Megafunction                       ; c:/altera/90/quartus/libraries/megafunctions/lpm_counter.tdf         ;
; lpm_decode.inc                   ; yes             ; Megafunction                       ; c:/altera/90/quartus/libraries/megafunctions/lpm_decode.inc          ;
; lpm_add_sub.inc                  ; yes             ; Megafunction                       ; c:/altera/90/quartus/libraries/megafunctions/lpm_add_sub.inc         ;
; cmpconst.inc                     ; yes             ; Megafunction                       ; c:/altera/90/quartus/libraries/megafunctions/cmpconst.inc            ;
; lpm_compare.inc                  ; yes             ; Megafunction                       ; c:/altera/90/quartus/libraries/megafunctions/lpm_compare.inc         ;
; lpm_counter.inc                  ; yes             ; Megafunction                       ; c:/altera/90/quartus/libraries/megafunctions/lpm_counter.inc         ;
; dffeea.inc                       ; yes             ; Megafunction                       ; c:/altera/90/quartus/libraries/megafunctions/dffeea.inc              ;
; alt_synch_counter.inc            ; yes             ; Megafunction                       ; c:/altera/90/quartus/libraries/megafunctions/alt_synch_counter.inc   ;
; alt_synch_counter_f.inc          ; yes             ; Megafunction                       ; c:/altera/90/quartus/libraries/megafunctions/alt_synch_counter_f.inc ;
; alt_counter_f10ke.inc            ; yes             ; Megafunction                       ; c:/altera/90/quartus/libraries/megafunctions/alt_counter_f10ke.inc   ;
; alt_counter_stratix.inc          ; yes             ; Megafunction                       ; c:/altera/90/quartus/libraries/megafunctions/alt_counter_stratix.inc ;
; db/cntr_25j.tdf                  ; yes             ; Auto-Generated Megafunction        ; D:/code/Quartus/b/lab4/db/cntr_25j.tdf                               ;
+----------------------------------+-----------------+------------------------------------+----------------------------------------------------------------------+


+--------------------------------------------------------+
; Analysis & Synthesis Resource Usage Summary            ;
+---------------------------------------------+----------+
; Resource                                    ; Usage    ;
+---------------------------------------------+----------+
; Estimated Total logic elements              ; 43       ;
;                                             ;          ;
; Total combinational functions               ; 43       ;
; Logic element usage by number of LUT inputs ;          ;
;     -- 4 input functions                    ; 16       ;
;     -- 3 input functions                    ; 2        ;
;     -- <=2 input functions                  ; 25       ;
;                                             ;          ;
; Logic elements by mode                      ;          ;
;     -- normal mode                          ; 36       ;
;     -- arithmetic mode                      ; 7        ;
;                                             ;          ;
; Total registers                             ; 16       ;
;     -- Dedicated logic registers            ; 16       ;
;     -- I/O registers                        ; 0        ;
;                                             ;          ;
; I/O pins                                    ; 20       ;
; Maximum fan-out node                        ; cp~input ;
; Maximum fan-out                             ; 16       ;
; Total fan-out                               ; 187      ;
; Average fan-out                             ; 1.89     ;
+---------------------------------------------+----------+


+----------------------------------------------------------------------------------------------------------------------------------------------------------------------------------------------------------------------------------------------------------+
; Analysis & Synthesis Resource Utilization by Entity                                                                                                                                                                                                      ;
+-------------------------------------------+-------------------+--------------+-------------+--------------+---------+-----------+------+--------------+-----------------------------------------------------------------------------------+--------------+
; Compilation Hierarchy Node                ; LC Combinationals ; LC Registers ; Memory Bits ; DSP Elements ; DSP 9x9 ; DSP 18x18 ; Pins ; Virtual Pins ; Full Hierarchy Name                                                               ; Library Name ;
+-------------------------------------------+-------------------+--------------+-------------+--------------+---------+-----------+------+--------------+-----------------------------------------------------------------------------------+--------------+
; |lab4                                     ; 43 (0)            ; 16 (0)       ; 0           ; 0            ; 0       ; 0         ; 20   ; 0            ; |lab4                                                                             ; work         ;
;    |busmux:inst1|                         ; 10 (0)            ; 0 (0)        ; 0           ; 0            ; 0       ; 0         ; 0    ; 0            ; |lab4|busmux:inst1                                                                ; work         ;
;       |lpm_mux:$00000|                    ; 10 (0)            ; 0 (0)        ; 0           ; 0            ; 0       ; 0         ; 0    ; 0            ; |lab4|busmux:inst1|lpm_mux:$00000                                                 ; work         ;
;          |mux_5qc:auto_generated|         ; 10 (10)           ; 0 (0)        ; 0           ; 0            ; 0       ; 0         ; 0    ; 0            ; |lab4|busmux:inst1|lpm_mux:$00000|mux_5qc:auto_generated                          ; work         ;
;    |lpm_counter0:inst|                    ; 33 (0)            ; 8 (0)        ; 0           ; 0            ; 0       ; 0         ; 0    ; 0            ; |lab4|lpm_counter0:inst                                                           ; work         ;
;       |lpm_counter:lpm_counter_component| ; 33 (0)            ; 8 (0)        ; 0           ; 0            ; 0       ; 0         ; 0    ; 0            ; |lab4|lpm_counter0:inst|lpm_counter:lpm_counter_component                         ; work         ;
;          |cntr_25j:auto_generated|        ; 33 (33)           ; 8 (8)        ; 0           ; 0            ; 0       ; 0         ; 0    ; 0            ; |lab4|lpm_counter0:inst|lpm_counter:lpm_counter_component|cntr_25j:auto_generated ; work         ;
;    |lpm_dff0:inst2|                       ; 0 (0)             ; 8 (0)        ; 0           ; 0            ; 0       ; 0         ; 0    ; 0            ; |lab4|lpm_dff0:inst2                                                              ; work         ;
;       |lpm_ff:lpm_ff_component|           ; 0 (0)             ; 8 (8)        ; 0           ; 0            ; 0       ; 0         ; 0    ; 0            ; |lab4|lpm_dff0:inst2|lpm_ff:lpm_ff_component                                      ; work         ;
+-------------------------------------------+-------------------+--------------+-------------+--------------+---------+-----------+------+--------------+-----------------------------------------------------------------------------------+--------------+
Note: For table entries with two numbers listed, the numbers in parentheses indicate the number of resources of the given type used by the specific entity alone. The numbers listed outside of parentheses indicate the total resources of the given type used by the specific entity and all of its sub-entities in the hierarchy.


+---------------------------------------------------------------------------------------------------+
; Logic Cells Representing Combinational Loops                                                      ;
+-----------------------------------------------------------------------------------------------+---+
; Logic Cell Name                                                                               ;   ;
+-----------------------------------------------------------------------------------------------+---+
; lpm_counter0:inst|lpm_counter:lpm_counter_component|cntr_25j:auto_generated|latch_signal[7]~0 ;   ;
; lpm_counter0:inst|lpm_counter:lpm_counter_component|cntr_25j:auto_generated|latch_signal[6]~1 ;   ;
; lpm_counter0:inst|lpm_counter:lpm_counter_component|cntr_25j:auto_generated|latch_signal[5]~2 ;   ;
; lpm_counter0:inst|lpm_counter:lpm_counter_component|cntr_25j:auto_generated|latch_signal[4]~3 ;   ;
; lpm_counter0:inst|lpm_counter:lpm_counter_component|cntr_25j:auto_generated|latch_signal[3]~4 ;   ;
; lpm_counter0:inst|lpm_counter:lpm_counter_component|cntr_25j:auto_generated|latch_signal[2]~5 ;   ;
; lpm_counter0:inst|lpm_counter:lpm_counter_component|cntr_25j:auto_generated|latch_signal[1]~6 ;   ;
; lpm_counter0:inst|lpm_counter:lpm_counter_component|cntr_25j:auto_generated|latch_signal[0]~7 ;   ;
; Number of logic cells representing combinational loops                                        ; 8 ;
+-----------------------------------------------------------------------------------------------+---+
Note: All cells listed above may not be present at the end of synthesis due to various synthesis optimizations.


+------------------------------------------------------+
; General Register Statistics                          ;
+----------------------------------------------+-------+
; Statistic                                    ; Value ;
+----------------------------------------------+-------+
; Total registers                              ; 16    ;
; Number of registers using Synchronous Clear  ; 0     ;
; Number of registers using Synchronous Load   ; 0     ;
; Number of registers using Asynchronous Clear ; 8     ;
; Number of registers using Asynchronous Load  ; 0     ;
; Number of registers using Clock Enable       ; 0     ;
; Number of registers using Preset             ; 0     ;
+----------------------------------------------+-------+


+----------------------------------------------------------------------------+
; Source assignments for lpm_counter0:inst|lpm_counter:lpm_counter_component ;
+---------------------------+-------+------+---------------------------------+
; Assignment                ; Value ; From ; To                              ;
+---------------------------+-------+------+---------------------------------+
; SUPPRESS_DA_RULE_INTERNAL ; a101  ; -    ; -                               ;
; SUPPRESS_DA_RULE_INTERNAL ; s102  ; -    ; -                               ;
; SUPPRESS_DA_RULE_INTERNAL ; s103  ; -    ; -                               ;
+---------------------------+-------+------+---------------------------------+


+----------------------------------------------------------------------------------------------------+
; Source assignments for lpm_counter0:inst|lpm_counter:lpm_counter_component|cntr_25j:auto_generated ;
+---------------------------+-------+------+---------------------------------------------------------+
; Assignment                ; Value ; From ; To                                                      ;
+---------------------------+-------+------+---------------------------------------------------------+
; SUPPRESS_DA_RULE_INTERNAL ; a101  ; -    ; -                                                       ;
; SUPPRESS_DA_RULE_INTERNAL ; s102  ; -    ; -                                                       ;
; SUPPRESS_DA_RULE_INTERNAL ; s103  ; -    ; -                                                       ;
+---------------------------+-------+------+---------------------------------------------------------+


+-------------------------------------------------------------------------------------+
; Parameter Settings for User Entity Instance: lpm_dff0:inst2|lpm_ff:lpm_ff_component ;
+------------------------+-------------+----------------------------------------------+
; Parameter Name         ; Value       ; Type                                         ;
+------------------------+-------------+----------------------------------------------+
; LPM_WIDTH              ; 8           ; Signed Integer                               ;
; LPM_AVALUE             ; UNUSED      ; Untyped                                      ;
; LPM_SVALUE             ; UNUSED      ; Untyped                                      ;
; LPM_FFTYPE             ; DFF         ; Untyped                                      ;
; DEVICE_FAMILY          ; Cyclone III ; Untyped                                      ;
; CBXI_PARAMETER         ; NOTHING     ; Untyped                                      ;
; AUTO_CARRY_CHAINS      ; ON          ; AUTO_CARRY                                   ;
; IGNORE_CARRY_BUFFERS   ; OFF         ; IGNORE_CARRY                                 ;
; AUTO_CASCADE_CHAINS    ; ON          ; AUTO_CASCADE                                 ;
; IGNORE_CASCADE_BUFFERS ; OFF         ; IGNORE_CASCADE                               ;
+------------------------+-------------+----------------------------------------------+
Note: In order to hide this table in the UI and the text report file, please set the "Show Parameter Settings Tables in Synthesis Report" option in "Analysis and Synthesis Settings -> More Settings" to "Off".


+-----------------------------------------------------------+
; Parameter Settings for User Entity Instance: BUSMUX:inst1 ;
+----------------+-------+----------------------------------+
; Parameter Name ; Value ; Type                             ;
+----------------+-------+----------------------------------+
; WIDTH          ; 8     ; Untyped                          ;
+----------------+-------+----------------------------------+
Note: In order to hide this table in the UI and the text report file, please set the "Show Parameter Settings Tables in Synthesis Report" option in "Analysis and Synthesis Settings -> More Settings" to "Off".


+--------------------------------------------------------------------------------------------------+
; Parameter Settings for User Entity Instance: lpm_counter0:inst|lpm_counter:lpm_counter_component ;
+------------------------+-------------+-----------------------------------------------------------+
; Parameter Name         ; Value       ; Type                                                      ;
+------------------------+-------------+-----------------------------------------------------------+
; AUTO_CARRY_CHAINS      ; ON          ; AUTO_CARRY                                                ;
; IGNORE_CARRY_BUFFERS   ; OFF         ; IGNORE_CARRY                                              ;
; AUTO_CASCADE_CHAINS    ; ON          ; AUTO_CASCADE                                              ;
; IGNORE_CASCADE_BUFFERS ; OFF         ; IGNORE_CASCADE                                            ;
; LPM_WIDTH              ; 8           ; Signed Integer                                            ;
; LPM_DIRECTION          ; UP          ; Untyped                                                   ;
; LPM_MODULUS            ; 0           ; Untyped                                                   ;
; LPM_AVALUE             ; UNUSED      ; Untyped                                                   ;
; LPM_SVALUE             ; UNUSED      ; Untyped                                                   ;
; LPM_PORT_UPDOWN        ; PORT_UNUSED ; Untyped                                                   ;
; DEVICE_FAMILY          ; Cyclone III ; Untyped                                                   ;
; CARRY_CHAIN            ; MANUAL      ; Untyped                                                   ;
; CARRY_CHAIN_LENGTH     ; 48          ; CARRY_CHAIN_LENGTH                                        ;
; NOT_GATE_PUSH_BACK     ; ON          ; NOT_GATE_PUSH_BACK                                        ;
; CARRY_CNT_EN           ; SMART       ; Untyped                                                   ;
; LABWIDE_SCLR           ; ON          ; Untyped                                                   ;
; USE_NEW_VERSION        ; TRUE        ; Untyped                                                   ;
; CBXI_PARAMETER         ; cntr_25j    ; Untyped                                                   ;
+------------------------+-------------+-----------------------------------------------------------+
Note: In order to hide this table in the UI and the text report file, please set the "Show Parameter Settings Tables in Synthesis Report" option in "Analysis and Synthesis Settings -> More Settings" to "Off".


+-------------------------------+
; Analysis & Synthesis Messages ;
+-------------------------------+
Info: *******************************************************************
Info: Running Quartus II Analysis & Synthesis
    Info: Version 9.0 Build 132 02/25/2009 SJ Full Version
    Info: Processing started: Wed Jun 01 19:57:54 2022
Info: Command: quartus_map --read_settings_files=on --write_settings_files=off lab4 -c lab4
Info: Found 2 design units, including 1 entities, in source file lpm_counter0.vhd
    Info: Found design unit 1: lpm_counter0-SYN
    Info: Found entity 1: lpm_counter0
Info: Found 2 design units, including 1 entities, in source file lpm_dff0.vhd
    Info: Found design unit 1: lpm_dff0-SYN
    Info: Found entity 1: lpm_dff0
Info: Found 1 design units, including 1 entities, in source file lab4.bdf
    Info: Found entity 1: lab4
Info: Elaborating entity "lab4" for the top level hierarchy
Info: Elaborating entity "lpm_dff0" for hierarchy "lpm_dff0:inst2"
Info: Elaborating entity "lpm_ff" for hierarchy "lpm_dff0:inst2|lpm_ff:lpm_ff_component"
Info: Elaborated megafunction instantiation "lpm_dff0:inst2|lpm_ff:lpm_ff_component"
Info: Instantiated megafunction "lpm_dff0:inst2|lpm_ff:lpm_ff_component" with the following parameter:
    Info: Parameter "lpm_fftype" = "DFF"
    Info: Parameter "lpm_type" = "LPM_FF"
    Info: Parameter "lpm_width" = "8"
Info: Elaborating entity "BUSMUX" for hierarchy "BUSMUX:inst1"
Info: Elaborated megafunction instantiation "BUSMUX:inst1"
Info: Instantiated megafunction "BUSMUX:inst1" with the following parameter:
    Info: Parameter "WIDTH" = "8"
Info: Elaborating entity "lpm_mux" for hierarchy "BUSMUX:inst1|lpm_mux:$00000"
Info: Elaborated megafunction instantiation "BUSMUX:inst1|lpm_mux:$00000", which is child of megafunction instantiation "BUSMUX:inst1"
Info: Found 1 design units, including 1 entities, in source file db/mux_5qc.tdf
    Info: Found entity 1: mux_5qc
Info: Elaborating entity "mux_5qc" for hierarchy "BUSMUX:inst1|lpm_mux:$00000|mux_5qc:auto_generated"
Info: Elaborating entity "lpm_counter0" for hierarchy "lpm_counter0:inst"
Info: Elaborating entity "lpm_counter" for hierarchy "lpm_counter0:inst|lpm_counter:lpm_counter_component"
Info: Elaborated megafunction instantiation "lpm_counter0:inst|lpm_counter:lpm_counter_component"
Info: Instantiated megafunction "lpm_counter0:inst|lpm_counter:lpm_counter_component" with the following parameter:
    Info: Parameter "lpm_direction" = "UP"
    Info: Parameter "lpm_port_updown" = "PORT_UNUSED"
    Info: Parameter "lpm_type" = "LPM_COUNTER"
    Info: Parameter "lpm_width" = "8"
Warning: Assertion warning: Counter will power up to an undefined state.  An asynchronous signal should be asserted before the counter reaches a known state.
Info: Found 1 design units, including 1 entities, in source file db/cntr_25j.tdf
    Info: Found entity 1: cntr_25j
Info: Elaborating entity "cntr_25j" for hierarchy "lpm_counter0:inst|lpm_counter:lpm_counter_component|cntr_25j:auto_generated"
Info: Implemented 63 device resources after synthesis - the final resource count might be different
    Info: Implemented 12 input pins
    Info: Implemented 8 output pins
    Info: Implemented 43 logic cells
Info: Quartus II Analysis & Synthesis was successful. 0 errors, 1 warning
    Info: Peak virtual memory: 250 megabytes
    Info: Processing ended: Wed Jun 01 19:57:56 2022
    Info: Elapsed time: 00:00:02
    Info: Total CPU time (on all processors): 00:00:02


